<?xml version="1.0" encoding="UTF-8"?>
<testng-results skipped="0" failed="0" ignored="0" total="1" passed="1">
  <reporter-output>
  </reporter-output>
  <suite name="Test1" duration-ms="40" started-at="2021-09-22T01:49:58Z" finished-at="2021-09-22T01:49:58Z">
    <groups>
    </groups>
    <test name="Command line test" duration-ms="40" started-at="2021-09-22T01:49:58Z" finished-at="2021-09-22T01:49:58Z">
      <class name="Test1">
        <test-method status="PASS" signature="testSetup(java.lang.String)[pri:0, instance:Test1@668bc3d5]" name="testSetup" duration-ms="7" started-at="2021-09-22T01:49:58Z" finished-at="2021-09-22T01:49:58Z">
          <params>
            <param index="0">
              <value>
                <![CDATA[Chrome]]>
              </value>
            </param>
          </params>
          <reporter-output>
          </reporter-output>
        </test-method> <!-- testSetup -->
      </class> <!-- Test1 -->
    </test> <!-- Command line test -->
  </suite> <!-- Test1 -->
</testng-results>
